DFHack 0.43.03-r1-0-g9889379 on Windows; cwd md5: ae17615ef1; save: region4; SC_WORLD_UNLOADED; game type NONE (11)
DFHack 0.43.03-r1-0-g9889379 on Windows; cwd md5: ae17615ef1; save: region4; SC_WORLD_LOADED; game type DWARF_MAIN (0)
DFHack 0.43.03-r1-0-g9889379 on Windows; cwd md5: ae17615ef1; save: region4; SC_WORLD_UNLOADED; game type NONE (11)
DFHack 0.43.03-r1-0-g9889379 on Windows; cwd md5: ae17615ef1; save: region4; SC_WORLD_LOADED; game type DWARF_MAIN (0)
DFHack 0.43.03-r1-0-g9889379 on Windows; cwd md5: ae17615ef1; save: region4; SC_WORLD_LOADED; game type DWARF_MAIN (0)
DFHack 0.43.03-r1-0-g9889379 on Windows; cwd md5: ae17615ef1; save: region4; SC_WORLD_UNLOADED; game type NONE (11)
DFHack 0.43.03-r1-0-g9889379 on Windows; cwd md5: ae17615ef1; save: region4; SC_WORLD_LOADED; game type DWARF_MAIN (0)
DFHack 0.43.03-r1-0-g9889379 on Windows; cwd md5: ae17615ef1; save: region4; SC_WORLD_UNLOADED; game type NONE (11)
DFHack 0.43.03-r1-0-g9889379 on Windows; cwd md5: ae17615ef1; save: region4; SC_WORLD_LOADED; game type DWARF_MAIN (0)
DFHack 0.43.03-r1-0-g9889379 on Windows; cwd md5: ae17615ef1; save: region4; SC_MAP_LOADED; game type DWARF_MAIN (0)
DFHack 0.43.03-r1-0-g9889379 on Windows; cwd md5: ae17615ef1; save: region4; SC_MAP_UNLOADED; game type DWARF_MAIN (0)
DFHack 0.43.03-r1-0-g9889379 on Windows; cwd md5: ae17615ef1; save: region4; SC_WORLD_UNLOADED; game type DWARF_MAIN (0)
DFHack 0.43.03-r1-0-g9889379 on Windows; cwd md5: ae17615ef1; save: region4; SC_WORLD_LOADED; game type DWARF_MAIN (0)
DFHack 0.43.03-r1-0-g9889379 on Windows; cwd md5: ae17615ef1; save: region4; SC_MAP_LOADED; game type DWARF_MAIN (0)
DFHack 0.43.03-r1-0-g9889379 on Windows; cwd md5: ae17615ef1; save: region4; SC_MAP_UNLOADED; game type DWARF_MAIN (0)
DFHack 0.43.03-r1-0-g9889379 on Windows; cwd md5: ae17615ef1; save: region4; SC_WORLD_UNLOADED; game type DWARF_MAIN (0)
DFHack 0.43.03-r1-0-g9889379 on Windows; cwd md5: ae17615ef1; save: region4; SC_WORLD_LOADED; game type DWARF_MAIN (0)
DFHack 0.43.03-r1-0-g9889379 on Windows; cwd md5: ae17615ef1; save: region4; SC_MAP_LOADED; game type DWARF_MAIN (0)
DFHack 0.43.03-r1-0-g9889379 on Windows; cwd md5: ae17615ef1; save: region4; SC_MAP_UNLOADED; game type DWARF_MAIN (0)
DFHack 0.43.03-r1-0-g9889379 on Windows; cwd md5: ae17615ef1; save: region4; SC_WORLD_UNLOADED; game type DWARF_MAIN (0)
DFHack 0.43.03-r1-0-g9889379 on Windows; cwd md5: ae17615ef1; save: region4; SC_WORLD_LOADED; game type DWARF_MAIN (0)
DFHack 0.43.03-r1-0-g9889379 on Windows; cwd md5: ae17615ef1; save: region4; SC_MAP_LOADED; game type DWARF_MAIN (0)
DFHack 0.43.03-r1-0-g9889379 on Windows; cwd md5: ae17615ef1; save: region4; SC_MAP_UNLOADED; game type DWARF_MAIN (0)
DFHack 0.43.03-r1-0-g9889379 on Windows; cwd md5: ae17615ef1; save: region4; SC_WORLD_UNLOADED; game type DWARF_MAIN (0)
DFHack 0.43.03-r1-0-g9889379 on Windows; cwd md5: ae17615ef1; save: region4; SC_WORLD_LOADED; game type DWARF_MAIN (0)
DFHack 0.43.03-r1-0-g9889379 on Windows; cwd md5: ae17615ef1; save: region4; SC_MAP_LOADED; game type DWARF_MAIN (0)
DFHack 0.43.03-r1-0-g9889379 on Windows; cwd md5: ae17615ef1; save: region4; SC_MAP_UNLOADED; game type DWARF_MAIN (0)
DFHack 0.43.03-r1-0-g9889379 on Windows; cwd md5: ae17615ef1; save: region4; SC_WORLD_UNLOADED; game type DWARF_MAIN (0)
DFHack 0.43.03-r1-0-g9889379 on Windows; cwd md5: 4084655c78; save: regionHanoli; SC_WORLD_LOADED; game type DWARF_MAIN (0)
DFHack 0.43.03-r1-0-g9889379 on Windows; cwd md5: 4084655c78; save: regionHanoli; SC_MAP_LOADED; game type DWARF_MAIN (0)
DFHack 0.43.03-r1-0-g9889379 on Windows; cwd md5: 4084655c78; save: regionHanoli; SC_MAP_UNLOADED; game type DWARF_MAIN (0)
DFHack 0.43.03-r1-0-g9889379 on Windows; cwd md5: 4084655c78; save: regionHanoli; SC_WORLD_UNLOADED; game type DWARF_MAIN (0)
DFHack 0.43.03-r1-0-g9889379 on Windows; cwd md5: 4084655c78; save: regionHanoli; SC_WORLD_LOADED; game type DWARF_MAIN (0)
DFHack 0.43.03-r1-0-g9889379 on Windows; cwd md5: 4084655c78; save: regionHanoli; SC_MAP_LOADED; game type DWARF_MAIN (0)
DFHack 0.43.03-r1-0-g9889379 on Windows; cwd md5: 4084655c78; save: regionHanoli; SC_WORLD_LOADED; game type DWARF_MAIN (0)
DFHack 0.43.03-r1-0-g9889379 on Windows; cwd md5: 4084655c78; save: regionHanoli; SC_MAP_LOADED; game type DWARF_MAIN (0)
DFHack 0.43.03-r1-0-g9889379 on Windows; cwd md5: 4084655c78; save: regionHanoli; SC_MAP_UNLOADED; game type DWARF_MAIN (0)
DFHack 0.43.03-r1-0-g9889379 on Windows; cwd md5: 4084655c78; save: regionHanoli; SC_WORLD_UNLOADED; game type DWARF_MAIN (0)
DFHack 0.43.03-r1-0-g9889379 on Windows; cwd md5: 4084655c78; save: regionHanoli; SC_WORLD_LOADED; game type DWARF_MAIN (0)
DFHack 0.43.03-r1-0-g9889379 on Windows; cwd md5: 4084655c78; save: regionHanoli; SC_MAP_LOADED; game type DWARF_MAIN (0)
DFHack 0.43.03-r1-0-g9889379 on Windows; cwd md5: 4084655c78; save: regionHanoli; SC_MAP_UNLOADED; game type DWARF_MAIN (0)
DFHack 0.43.03-r1-0-g9889379 on Windows; cwd md5: 4084655c78; save: regionHanoli; SC_WORLD_UNLOADED; game type DWARF_MAIN (0)
DFHack 0.43.03-r1-0-g9889379 on Windows; cwd md5: 4084655c78; save: regionHanoli; SC_WORLD_LOADED; game type DWARF_MAIN (0)
DFHack 0.43.03-r1-0-g9889379 on Windows; cwd md5: 4084655c78; save: regionHanoli; SC_MAP_LOADED; game type DWARF_MAIN (0)
DFHack 0.43.03-r1-0-g9889379 on Windows; cwd md5: 4084655c78; save: regionHanoli; SC_MAP_UNLOADED; game type DWARF_MAIN (0)
DFHack 0.43.03-r1-0-g9889379 on Windows; cwd md5: 4084655c78; save: regionHanoli; SC_WORLD_UNLOADED; game type DWARF_MAIN (0)
DFHack 0.43.03-r1-0-g9889379 on Windows; cwd md5: 1cfabd3ddf; save: regionHanoli; SC_WORLD_LOADED; game type DWARF_MAIN (0)
DFHack 0.43.03-r1-0-g9889379 on Windows; cwd md5: 1cfabd3ddf; save: regionHanoli; SC_MAP_LOADED; game type DWARF_MAIN (0)
DFHack 0.43.03-r1-0-g9889379 on Windows; cwd md5: 1cfabd3ddf; save: regionHanoli; SC_MAP_UNLOADED; game type DWARF_MAIN (0)
DFHack 0.43.03-r1-0-g9889379 on Windows; cwd md5: 1cfabd3ddf; save: regionHanoli; SC_WORLD_UNLOADED; game type DWARF_MAIN (0)
DFHack 0.43.03-r1-0-g9889379 on Windows; cwd md5: 1cfabd3ddf; save: regionHanoli; SC_WORLD_LOADED; game type DWARF_MAIN (0)
DFHack 0.43.03-r1-0-g9889379 on Windows; cwd md5: 1cfabd3ddf; save: regionHanoli; SC_MAP_LOADED; game type DWARF_MAIN (0)
DFHack 0.43.03-r1-0-g9889379 on Windows; cwd md5: 1cfabd3ddf; save: regionHanoli; SC_MAP_UNLOADED; game type DWARF_MAIN (0)
DFHack 0.43.03-r1-0-g9889379 on Windows; cwd md5: 1cfabd3ddf; save: regionHanoli; SC_WORLD_UNLOADED; game type DWARF_MAIN (0)
DFHack 0.43.03-r1-0-g9889379 on Windows; cwd md5: da78c1f69c; save: regionHanoli; SC_WORLD_LOADED; game type DWARF_MAIN (0)
DFHack 0.43.03-r1-0-g9889379 on Windows; cwd md5: da78c1f69c; save: regionHanoli; SC_MAP_LOADED; game type DWARF_MAIN (0)
DFHack 0.43.03-r1-0-g9889379 on Windows; cwd md5: da78c1f69c; save: regionHanoli; SC_MAP_UNLOADED; game type DWARF_MAIN (0)
DFHack 0.43.03-r1-0-g9889379 on Windows; cwd md5: da78c1f69c; save: regionHanoli; SC_WORLD_UNLOADED; game type DWARF_MAIN (0)
DFHack 0.43.03-r1-0-g9889379 on Windows; cwd md5: da78c1f69c; save: regionHanoli; SC_WORLD_LOADED; game type DWARF_MAIN (0)
DFHack 0.43.03-r1-0-g9889379 on Windows; cwd md5: da78c1f69c; save: regionHanoli; SC_MAP_LOADED; game type DWARF_MAIN (0)
DFHack 0.43.03-r1-0-g9889379 on Windows; cwd md5: da78c1f69c; save: regionHanoli; SC_MAP_UNLOADED; game type DWARF_MAIN (0)
DFHack 0.43.03-r1-0-g9889379 on Windows; cwd md5: da78c1f69c; save: regionHanoli; SC_WORLD_UNLOADED; game type DWARF_MAIN (0)
DFHack 0.43.03-r1-0-g9889379 on Windows; cwd md5: da78c1f69c; save: regionHanoli; SC_WORLD_LOADED; game type DWARF_MAIN (0)
DFHack 0.43.03-r1-0-g9889379 on Windows; cwd md5: da78c1f69c; save: regionHanoli; SC_MAP_LOADED; game type DWARF_MAIN (0)
DFHack 0.43.03-r1-0-g9889379 on Windows; cwd md5: da78c1f69c; save: regionHanoli; SC_MAP_UNLOADED; game type DWARF_MAIN (0)
DFHack 0.43.03-r1-0-g9889379 on Windows; cwd md5: da78c1f69c; save: regionHanoli; SC_WORLD_UNLOADED; game type DWARF_MAIN (0)
DFHack 0.43.03-r1-0-g9889379 on Windows; cwd md5: da78c1f69c; save: regionHanoli; SC_WORLD_LOADED; game type DWARF_MAIN (0)
DFHack 0.43.03-r1-0-g9889379 on Windows; cwd md5: da78c1f69c; save: regionHanoli; SC_MAP_LOADED; game type DWARF_MAIN (0)
DFHack 0.43.03-r1-0-g9889379 on Windows; cwd md5: da78c1f69c; save: regionHanoli; SC_MAP_UNLOADED; game type DWARF_MAIN (0)
DFHack 0.43.03-r1-0-g9889379 on Windows; cwd md5: da78c1f69c; save: regionHanoli; SC_WORLD_UNLOADED; game type DWARF_MAIN (0)
DFHack 0.43.03-r1-0-g9889379 on Windows; cwd md5: da78c1f69c; save: regionHanoli; SC_WORLD_LOADED; game type DWARF_MAIN (0)
DFHack 0.43.03-r1-0-g9889379 on Windows; cwd md5: da78c1f69c; save: regionHanoli; SC_MAP_LOADED; game type DWARF_MAIN (0)
DFHack 0.43.03-r1-0-g9889379 on Windows; cwd md5: da78c1f69c; save: regionHanoli; SC_MAP_UNLOADED; game type DWARF_MAIN (0)
DFHack 0.43.03-r1-0-g9889379 on Windows; cwd md5: da78c1f69c; save: regionHanoli; SC_WORLD_UNLOADED; game type DWARF_MAIN (0)
DFHack 0.43.03-r1-0-g9889379 on Windows; cwd md5: da78c1f69c; save: regionHanoli; SC_WORLD_LOADED; game type DWARF_MAIN (0)
DFHack 0.43.03-r1-0-g9889379 on Windows; cwd md5: da78c1f69c; save: regionHanoli; SC_MAP_LOADED; game type DWARF_MAIN (0)
DFHack 0.43.03-r1-0-g9889379 on Windows; cwd md5: da78c1f69c; save: regionHanoli; SC_MAP_UNLOADED; game type DWARF_MAIN (0)
DFHack 0.43.03-r1-0-g9889379 on Windows; cwd md5: da78c1f69c; save: regionHanoli; SC_WORLD_UNLOADED; game type DWARF_MAIN (0)
DFHack 0.43.03-r1-0-g9889379 on Windows; cwd md5: da78c1f69c; save: regionHanoli; SC_WORLD_LOADED; game type DWARF_MAIN (0)
DFHack 0.43.03-r1-0-g9889379 on Windows; cwd md5: da78c1f69c; save: regionHanoli; SC_MAP_LOADED; game type DWARF_MAIN (0)
DFHack 0.43.03-r1-0-g9889379 on Windows; cwd md5: da78c1f69c; save: regionHanoli; SC_MAP_UNLOADED; game type DWARF_MAIN (0)
DFHack 0.43.03-r1-0-g9889379 on Windows; cwd md5: da78c1f69c; save: regionHanoli; SC_WORLD_UNLOADED; game type DWARF_MAIN (0)
DFHack 0.43.03-r1-0-g9889379 on Windows; cwd md5: da78c1f69c; save: regionHanoli; SC_WORLD_LOADED; game type DWARF_MAIN (0)
DFHack 0.43.03-r1-0-g9889379 on Windows; cwd md5: da78c1f69c; save: regionHanoli; SC_MAP_LOADED; game type DWARF_MAIN (0)
DFHack 0.43.03-r1-0-g9889379 on Windows; cwd md5: da78c1f69c; save: regionHanoli; SC_MAP_UNLOADED; game type DWARF_MAIN (0)
DFHack 0.43.03-r1-0-g9889379 on Windows; cwd md5: da78c1f69c; save: regionHanoli; SC_WORLD_UNLOADED; game type DWARF_MAIN (0)
DFHack 0.43.03-r1-0-g9889379 on Windows; cwd md5: da78c1f69c; save: regionHanoli; SC_WORLD_LOADED; game type DWARF_MAIN (0)
DFHack 0.43.03-r1-0-g9889379 on Windows; cwd md5: da78c1f69c; save: regionHanoli; SC_MAP_LOADED; game type DWARF_MAIN (0)
DFHack 0.43.03-r1-0-g9889379 on Windows; cwd md5: da78c1f69c; save: regionHanoli; SC_MAP_UNLOADED; game type DWARF_MAIN (0)
DFHack 0.43.03-r1-0-g9889379 on Windows; cwd md5: da78c1f69c; save: regionHanoli; SC_WORLD_UNLOADED; game type DWARF_MAIN (0)
DFHack 0.43.03-r1-0-g9889379 on Windows; cwd md5: 1cfabd3ddf; save: regionHanoli; SC_WORLD_LOADED; game type DWARF_MAIN (0)
DFHack 0.43.03-r1-0-g9889379 on Windows; cwd md5: 1cfabd3ddf; save: regionHanoli; SC_MAP_LOADED; game type DWARF_MAIN (0)
DFHack 0.43.03-r1-0-g9889379 on Windows; cwd md5: 1cfabd3ddf; save: regionHanoli; SC_MAP_UNLOADED; game type DWARF_MAIN (0)
DFHack 0.43.03-r1-0-g9889379 on Windows; cwd md5: 1cfabd3ddf; save: regionHanoli; SC_WORLD_UNLOADED; game type DWARF_MAIN (0)
DFHack 0.43.03-r1-0-g9889379 on Windows; cwd md5: 1cfabd3ddf; save: regionHanoli; SC_WORLD_LOADED; game type DWARF_MAIN (0)
DFHack 0.43.03-r1-0-g9889379 on Windows; cwd md5: 1cfabd3ddf; save: regionHanoli; SC_MAP_LOADED; game type DWARF_MAIN (0)
DFHack 0.43.03-r1-0-g9889379 on Windows; cwd md5: 1cfabd3ddf; save: regionHanoli; SC_MAP_UNLOADED; game type DWARF_MAIN (0)
DFHack 0.43.03-r1-0-g9889379 on Windows; cwd md5: 1cfabd3ddf; save: regionHanoli; SC_WORLD_UNLOADED; game type DWARF_MAIN (0)
DFHack 0.43.03-r1-0-g9889379 on Windows; cwd md5: 1cfabd3ddf; save: regionHanoli; SC_WORLD_LOADED; game type DWARF_MAIN (0)
DFHack 0.43.03-r1-0-g9889379 on Windows; cwd md5: 1cfabd3ddf; save: regionHanoli; SC_MAP_LOADED; game type DWARF_MAIN (0)
DFHack 0.43.03-r1-0-g9889379 on Windows; cwd md5: 1cfabd3ddf; save: regionHanoli; SC_MAP_UNLOADED; game type DWARF_MAIN (0)
DFHack 0.43.03-r1-0-g9889379 on Windows; cwd md5: 1cfabd3ddf; save: regionHanoli; SC_WORLD_UNLOADED; game type DWARF_MAIN (0)
DFHack 0.43.03-r1-0-g9889379 on Windows; cwd md5: da78c1f69c; save: regionHanoli; SC_WORLD_LOADED; game type DWARF_MAIN (0)
DFHack 0.43.03-r1-0-g9889379 on Windows; cwd md5: da78c1f69c; save: regionHanoli; SC_MAP_LOADED; game type DWARF_MAIN (0)
DFHack 0.43.03-r1-0-g9889379 on Windows; cwd md5: da78c1f69c; save: regionHanoli; SC_MAP_UNLOADED; game type DWARF_MAIN (0)
DFHack 0.43.03-r1-0-g9889379 on Windows; cwd md5: da78c1f69c; save: regionHanoli; SC_WORLD_UNLOADED; game type DWARF_MAIN (0)
DFHack 0.43.03-r1-0-g9889379 on Windows; cwd md5: da78c1f69c; save: regionHanoli; SC_WORLD_LOADED; game type DWARF_MAIN (0)
DFHack 0.43.03-r1-0-g9889379 on Windows; cwd md5: da78c1f69c; save: regionHanoli; SC_MAP_LOADED; game type DWARF_MAIN (0)
DFHack 0.43.03-r1-0-g9889379 on Windows; cwd md5: da78c1f69c; save: regionHanoli; SC_MAP_UNLOADED; game type DWARF_MAIN (0)
DFHack 0.43.03-r1-0-g9889379 on Windows; cwd md5: da78c1f69c; save: regionHanoli; SC_WORLD_UNLOADED; game type DWARF_MAIN (0)
DFHack 0.43.03-r1-0-g9889379 on Windows; cwd md5: da78c1f69c; save: regionHanoli; SC_WORLD_LOADED; game type DWARF_MAIN (0)
DFHack 0.43.03-r1-0-g9889379 on Windows; cwd md5: da78c1f69c; save: regionHanoli; SC_MAP_LOADED; game type DWARF_MAIN (0)
DFHack 0.43.03-r1-0-g9889379 on Windows; cwd md5: da78c1f69c; save: regionHanoli; SC_MAP_UNLOADED; game type DWARF_MAIN (0)
DFHack 0.43.03-r1-0-g9889379 on Windows; cwd md5: da78c1f69c; save: regionHanoli; SC_WORLD_UNLOADED; game type DWARF_MAIN (0)
DFHack 0.43.03-r1-0-g9889379 on Windows; cwd md5: da78c1f69c; save: regionHanoli; SC_WORLD_LOADED; game type DWARF_MAIN (0)
DFHack 0.43.03-r1-0-g9889379 on Windows; cwd md5: da78c1f69c; save: regionHanoli; SC_MAP_LOADED; game type DWARF_MAIN (0)
DFHack 0.43.03-r1-0-g9889379 on Windows; cwd md5: da78c1f69c; save: regionHanoli; SC_MAP_UNLOADED; game type DWARF_MAIN (0)
DFHack 0.43.03-r1-0-g9889379 on Windows; cwd md5: da78c1f69c; save: regionHanoli; SC_WORLD_UNLOADED; game type DWARF_MAIN (0)
DFHack 0.43.03-r1-0-g9889379 on Windows; cwd md5: da78c1f69c; save: regionHanoli; SC_WORLD_LOADED; game type DWARF_MAIN (0)
DFHack 0.43.03-r1-0-g9889379 on Windows; cwd md5: da78c1f69c; save: regionHanoli; SC_MAP_LOADED; game type DWARF_MAIN (0)
DFHack 0.43.03-r1-0-g9889379 on Windows; cwd md5: da78c1f69c; save: regionHanoli; SC_MAP_UNLOADED; game type DWARF_MAIN (0)
DFHack 0.43.03-r1-0-g9889379 on Windows; cwd md5: da78c1f69c; save: regionHanoli; SC_WORLD_UNLOADED; game type DWARF_MAIN (0)
DFHack 0.43.03-r1-0-g9889379 on Windows; cwd md5: da78c1f69c; save: regionHanoli; SC_WORLD_LOADED; game type DWARF_MAIN (0)
DFHack 0.43.03-r1-0-g9889379 on Windows; cwd md5: da78c1f69c; save: regionHanoli; SC_MAP_LOADED; game type DWARF_MAIN (0)
DFHack 0.43.03-r1-0-g9889379 on Windows; cwd md5: da78c1f69c; save: regionHanoli; SC_MAP_UNLOADED; game type DWARF_MAIN (0)
DFHack 0.43.03-r1-0-g9889379 on Windows; cwd md5: da78c1f69c; save: regionHanoli; SC_WORLD_UNLOADED; game type DWARF_MAIN (0)
DFHack 0.43.03-r1-0-g9889379 on Windows; cwd md5: da78c1f69c; save: regionHanoli; SC_WORLD_LOADED; game type DWARF_MAIN (0)
DFHack 0.43.03-r1-0-g9889379 on Windows; cwd md5: da78c1f69c; save: regionHanoli; SC_MAP_LOADED; game type DWARF_MAIN (0)
DFHack 0.43.03-r1-0-g9889379 on Windows; cwd md5: da78c1f69c; save: regionHanoli; SC_MAP_UNLOADED; game type DWARF_MAIN (0)
DFHack 0.43.03-r1-0-g9889379 on Windows; cwd md5: da78c1f69c; save: regionHanoli; SC_WORLD_UNLOADED; game type DWARF_MAIN (0)
DFHack 0.43.03-r1-0-g9889379 on Windows; cwd md5: da78c1f69c; save: regionHanoli; SC_WORLD_LOADED; game type DWARF_MAIN (0)
DFHack 0.43.03-r1-0-g9889379 on Windows; cwd md5: da78c1f69c; save: regionHanoli; SC_MAP_LOADED; game type DWARF_MAIN (0)
DFHack 0.43.03-r1-0-g9889379 on Windows; cwd md5: da78c1f69c; save: regionHanoli; SC_MAP_UNLOADED; game type DWARF_MAIN (0)
DFHack 0.43.03-r1-0-g9889379 on Windows; cwd md5: da78c1f69c; save: regionHanoli; SC_WORLD_UNLOADED; game type DWARF_MAIN (0)
DFHack 0.43.03-r1-0-g9889379 on Windows; cwd md5: da78c1f69c; save: regionHanoli; SC_WORLD_LOADED; game type DWARF_MAIN (0)
DFHack 0.43.03-r1-0-g9889379 on Windows; cwd md5: da78c1f69c; save: regionHanoli; SC_MAP_LOADED; game type DWARF_MAIN (0)
DFHack 0.43.03-r1-0-g9889379 on Windows; cwd md5: da78c1f69c; save: regionHanoli; SC_MAP_UNLOADED; game type DWARF_MAIN (0)
DFHack 0.43.03-r1-0-g9889379 on Windows; cwd md5: da78c1f69c; save: regionHanoli; SC_WORLD_UNLOADED; game type DWARF_MAIN (0)
DFHack 0.43.03-r1-0-g9889379 on Windows; cwd md5: da78c1f69c; save: regionHanoli; SC_WORLD_LOADED; game type DWARF_MAIN (0)
DFHack 0.43.03-r1-0-g9889379 on Windows; cwd md5: da78c1f69c; save: regionHanoli; SC_MAP_LOADED; game type DWARF_MAIN (0)
DFHack 0.43.03-r1-0-g9889379 on Windows; cwd md5: da78c1f69c; save: regionHanoli; SC_MAP_UNLOADED; game type DWARF_MAIN (0)
DFHack 0.43.03-r1-0-g9889379 on Windows; cwd md5: da78c1f69c; save: regionHanoli; SC_WORLD_UNLOADED; game type DWARF_MAIN (0)
DFHack 0.43.03-r1-0-g9889379 on Windows; cwd md5: da78c1f69c; save: regionHanoli; SC_WORLD_LOADED; game type DWARF_MAIN (0)
DFHack 0.43.03-r1-0-g9889379 on Windows; cwd md5: da78c1f69c; save: regionHanoli; SC_MAP_LOADED; game type DWARF_MAIN (0)
DFHack 0.43.03-r1-0-g9889379 on Windows; cwd md5: da78c1f69c; save: regionHanoli; SC_MAP_UNLOADED; game type DWARF_MAIN (0)
DFHack 0.43.03-r1-0-g9889379 on Windows; cwd md5: da78c1f69c; save: regionHanoli; SC_WORLD_UNLOADED; game type DWARF_MAIN (0)
DFHack 0.43.03-r1-0-g9889379 on Windows; cwd md5: da78c1f69c; save: regionHanoli; SC_WORLD_LOADED; game type DWARF_MAIN (0)
DFHack 0.43.03-r1-0-g9889379 on Windows; cwd md5: da78c1f69c; save: regionHanoli; SC_MAP_LOADED; game type DWARF_MAIN (0)
DFHack 0.43.03-r1-0-g9889379 on Windows; cwd md5: da78c1f69c; save: regionHanoli; SC_MAP_UNLOADED; game type DWARF_MAIN (0)
DFHack 0.43.03-r1-0-g9889379 on Windows; cwd md5: da78c1f69c; save: regionHanoli; SC_WORLD_UNLOADED; game type DWARF_MAIN (0)
DFHack 0.43.03-r1-0-g9889379 on Windows; cwd md5: da78c1f69c; save: regionHanoli; SC_WORLD_LOADED; game type DWARF_MAIN (0)
DFHack 0.43.03-r1-0-g9889379 on Windows; cwd md5: da78c1f69c; save: regionHanoli; SC_MAP_LOADED; game type DWARF_MAIN (0)
DFHack 0.43.03-r1-0-g9889379 on Windows; cwd md5: da78c1f69c; save: regionHanoli; SC_MAP_UNLOADED; game type DWARF_MAIN (0)
DFHack 0.43.03-r1-0-g9889379 on Windows; cwd md5: da78c1f69c; save: regionHanoli; SC_WORLD_UNLOADED; game type DWARF_MAIN (0)
DFHack 0.43.03-r1-0-g9889379 on Windows; cwd md5: d0253f20d1; save: regionHanoli; SC_WORLD_LOADED; game type DWARF_MAIN (0)
DFHack 0.43.03-r1-0-g9889379 on Windows; cwd md5: d0253f20d1; save: regionHanoli; SC_MAP_LOADED; game type DWARF_MAIN (0)
DFHack 0.43.03-r1-0-g9889379 on Windows; cwd md5: d0253f20d1; save: regionHanoli; SC_WORLD_LOADED; game type DWARF_MAIN (0)
DFHack 0.43.03-r1-0-g9889379 on Windows; cwd md5: d0253f20d1; save: regionHanoli; SC_MAP_LOADED; game type DWARF_MAIN (0)
DFHack 0.43.03-r1-0-g9889379 on Windows; cwd md5: d0253f20d1; save: regionHanoli; SC_MAP_UNLOADED; game type DWARF_MAIN (0)
DFHack 0.43.03-r1-0-g9889379 on Windows; cwd md5: d0253f20d1; save: regionHanoli; SC_WORLD_UNLOADED; game type DWARF_MAIN (0)
